<?xml version="1.0" encoding="UTF-8"?>
<!-- Generated by org.testng.reporters.JUnitXMLReporter -->
<testsuite hostname="MahaHameed-PC" ignored="0" name="My Hub Spot Test Chrome" tests="3" failures="0" timestamp="10 Jun 2020 19:31:03 GMT" time="44.982" errors="0">
  <testcase name="verifyLoginPageTitleTest" time="0.56" classname="com.mytest.LoginPageTest"/>
  <testcase name="verifyLoginPageHeaderTest" time="0.307" classname="com.mytest.LoginPageTest"/>
  <testcase name="doLogin" time="9.335" classname="com.mytest.LoginPageTest"/>
</testsuite> <!-- My Hub Spot Test Chrome -->
